<?xml version="1.0" encoding="UTF-8"?>
<!-- Generated by org.testng.reporters.JUnitXMLReporter -->
<testsuite ignored="0" hostname="SHASHANK-PC" failures="1" tests="9" name="combine testing" time="0.139" errors="0" timestamp="2021-11-22T18:24:28 IST">
  <testcase classname="Annotation.demo1" name="test" time="0.012"/>
  <testcase classname="Annotation.demo1" name="test1" time="0.003"/>
  <testcase classname="Annotation.demo1" name="test2" time="0.002"/>
  <testcase classname="Annotation.anotations" name="test" time="0.002"/>
  <testcase classname="Annotation.anotations" name="test1" time="0.002"/>
  <testcase classname="Annotation.anotations1" name="test" time="0.002"/>
  <testcase classname="Annotation.anotations1" name="test1" time="0.007">
    <failure type="java.lang.AssertionError" message="expected [true] but found [false]">
      <![CDATA[java.lang.AssertionError: expected [true] but found [false]
at Annotation.anotations1.test1(anotations1.java:27)
at java.base/java.util.ArrayList.forEach(ArrayList.java:1511)
... Removed 33 stack frames]]>
    </failure>
  </testcase> <!-- test1 -->
  <testcase classname="Annotation.anotations1" name="test2" time="0.0">
    <skipped/>
  </testcase> <!-- test2 -->
  <testcase classname="Annotation.anotations1" name="test3" time="0.001"/>
</testsuite> <!-- combine testing -->
